WARNING 18/Jun/2020 10:20:04 django.request log_response 228 Not Found: /favicon.ico
ERROR 30/Apr/2026 17:56:31 django.request log_response 224 Internal Server Error: /article/
Traceback (most recent call last):
  File "/opt/homebrew/Caskroom/miniforge/base/envs/myblog/lib/python3.8/site-packages/django/core/handlers/exception.py", line 47, in inner
    response = get_response(request)
  File "/opt/homebrew/Caskroom/miniforge/base/envs/myblog/lib/python3.8/site-packages/django/core/handlers/base.py", line 181, in _get_response
    response = wrapped_callback(request, *callback_args, **callback_kwargs)
  File "/opt/homebrew/Caskroom/miniforge/base/envs/myblog/lib/python3.8/site-packages/django/views/generic/base.py", line 70, in view
    return self.dispatch(request, *args, **kwargs)
  File "/opt/homebrew/Caskroom/miniforge/base/envs/myblog/lib/python3.8/site-packages/django/views/generic/base.py", line 98, in dispatch
    return handler(request, *args, **kwargs)
  File "/Users/pings/Documents/project/web/my_blog/era_blog/views.py", line 103, in get
    latest_date = all_date[0]['add_time']
  File "/opt/homebrew/Caskroom/miniforge/base/envs/myblog/lib/python3.8/site-packages/django/db/models/query.py", line 318, in __getitem__
    return qs._result_cache[0]
IndexError: list index out of range
ERROR 30/Apr/2026 17:56:32 django.request log_response 224 Internal Server Error: /article/
Traceback (most recent call last):
  File "/opt/homebrew/Caskroom/miniforge/base/envs/myblog/lib/python3.8/site-packages/django/core/handlers/exception.py", line 47, in inner
    response = get_response(request)
  File "/opt/homebrew/Caskroom/miniforge/base/envs/myblog/lib/python3.8/site-packages/django/core/handlers/base.py", line 181, in _get_response
    response = wrapped_callback(request, *callback_args, **callback_kwargs)
  File "/opt/homebrew/Caskroom/miniforge/base/envs/myblog/lib/python3.8/site-packages/django/views/generic/base.py", line 70, in view
    return self.dispatch(request, *args, **kwargs)
  File "/opt/homebrew/Caskroom/miniforge/base/envs/myblog/lib/python3.8/site-packages/django/views/generic/base.py", line 98, in dispatch
    return handler(request, *args, **kwargs)
  File "/Users/pings/Documents/project/web/my_blog/era_blog/views.py", line 103, in get
    latest_date = all_date[0]['add_time']
  File "/opt/homebrew/Caskroom/miniforge/base/envs/myblog/lib/python3.8/site-packages/django/db/models/query.py", line 318, in __getitem__
    return qs._result_cache[0]
IndexError: list index out of range
ERROR 30/Apr/2026 17:56:42 django.request log_response 224 Internal Server Error: /article/
Traceback (most recent call last):
  File "/opt/homebrew/Caskroom/miniforge/base/envs/myblog/lib/python3.8/site-packages/django/core/handlers/exception.py", line 47, in inner
    response = get_response(request)
  File "/opt/homebrew/Caskroom/miniforge/base/envs/myblog/lib/python3.8/site-packages/django/core/handlers/base.py", line 181, in _get_response
    response = wrapped_callback(request, *callback_args, **callback_kwargs)
  File "/opt/homebrew/Caskroom/miniforge/base/envs/myblog/lib/python3.8/site-packages/django/views/generic/base.py", line 70, in view
    return self.dispatch(request, *args, **kwargs)
  File "/opt/homebrew/Caskroom/miniforge/base/envs/myblog/lib/python3.8/site-packages/django/views/generic/base.py", line 98, in dispatch
    return handler(request, *args, **kwargs)
  File "/Users/pings/Documents/project/web/my_blog/era_blog/views.py", line 103, in get
    latest_date = all_date[0]['add_time']
  File "/opt/homebrew/Caskroom/miniforge/base/envs/myblog/lib/python3.8/site-packages/django/db/models/query.py", line 318, in __getitem__
    return qs._result_cache[0]
IndexError: list index out of range
ERROR 30/Apr/2026 17:56:42 django.request log_response 224 Internal Server Error: /about/
Traceback (most recent call last):
  File "/opt/homebrew/Caskroom/miniforge/base/envs/myblog/lib/python3.8/site-packages/django/core/handlers/exception.py", line 47, in inner
    response = get_response(request)
  File "/opt/homebrew/Caskroom/miniforge/base/envs/myblog/lib/python3.8/site-packages/django/core/handlers/base.py", line 181, in _get_response
    response = wrapped_callback(request, *callback_args, **callback_kwargs)
  File "/opt/homebrew/Caskroom/miniforge/base/envs/myblog/lib/python3.8/site-packages/django/views/generic/base.py", line 70, in view
    return self.dispatch(request, *args, **kwargs)
  File "/opt/homebrew/Caskroom/miniforge/base/envs/myblog/lib/python3.8/site-packages/django/views/generic/base.py", line 98, in dispatch
    return handler(request, *args, **kwargs)
  File "/Users/pings/Documents/project/web/my_blog/era_blog/views.py", line 210, in get
    latest_date = all_date[0]['add_time']
  File "/opt/homebrew/Caskroom/miniforge/base/envs/myblog/lib/python3.8/site-packages/django/db/models/query.py", line 318, in __getitem__
    return qs._result_cache[0]
IndexError: list index out of range
ERROR 30/Apr/2026 17:56:43 django.request log_response 224 Internal Server Error: /about/
Traceback (most recent call last):
  File "/opt/homebrew/Caskroom/miniforge/base/envs/myblog/lib/python3.8/site-packages/django/core/handlers/exception.py", line 47, in inner
    response = get_response(request)
  File "/opt/homebrew/Caskroom/miniforge/base/envs/myblog/lib/python3.8/site-packages/django/core/handlers/base.py", line 181, in _get_response
    response = wrapped_callback(request, *callback_args, **callback_kwargs)
  File "/opt/homebrew/Caskroom/miniforge/base/envs/myblog/lib/python3.8/site-packages/django/views/generic/base.py", line 70, in view
    return self.dispatch(request, *args, **kwargs)
  File "/opt/homebrew/Caskroom/miniforge/base/envs/myblog/lib/python3.8/site-packages/django/views/generic/base.py", line 98, in dispatch
    return handler(request, *args, **kwargs)
  File "/Users/pings/Documents/project/web/my_blog/era_blog/views.py", line 210, in get
    latest_date = all_date[0]['add_time']
  File "/opt/homebrew/Caskroom/miniforge/base/envs/myblog/lib/python3.8/site-packages/django/db/models/query.py", line 318, in __getitem__
    return qs._result_cache[0]
IndexError: list index out of range
ERROR 30/Apr/2026 17:56:43 django.request log_response 224 Internal Server Error: /about/
Traceback (most recent call last):
  File "/opt/homebrew/Caskroom/miniforge/base/envs/myblog/lib/python3.8/site-packages/django/core/handlers/exception.py", line 47, in inner
    response = get_response(request)
  File "/opt/homebrew/Caskroom/miniforge/base/envs/myblog/lib/python3.8/site-packages/django/core/handlers/base.py", line 181, in _get_response
    response = wrapped_callback(request, *callback_args, **callback_kwargs)
  File "/opt/homebrew/Caskroom/miniforge/base/envs/myblog/lib/python3.8/site-packages/django/views/generic/base.py", line 70, in view
    return self.dispatch(request, *args, **kwargs)
  File "/opt/homebrew/Caskroom/miniforge/base/envs/myblog/lib/python3.8/site-packages/django/views/generic/base.py", line 98, in dispatch
    return handler(request, *args, **kwargs)
  File "/Users/pings/Documents/project/web/my_blog/era_blog/views.py", line 210, in get
    latest_date = all_date[0]['add_time']
  File "/opt/homebrew/Caskroom/miniforge/base/envs/myblog/lib/python3.8/site-packages/django/db/models/query.py", line 318, in __getitem__
    return qs._result_cache[0]
IndexError: list index out of range
